<?xml version="1.0" encoding="UTF-8"?>
<testng-results ignored="0" total="1" passed="1" failed="0" skipped="0">
  <reporter-output>
    <line>
      <![CDATA[Default test started]]>
    </line>
    <line>
      <![CDATA[Login Page is Displayed,PASS]]>
    </line>
    <line>
      <![CDATA[validLoginTest method started]]>
    </line>
    <line>
      <![CDATA[validLoginTest method PASSED]]>
    </line>
  </reporter-output>
  <suite started-at="2022-05-25T19:04:12 IST" name="Default suite" finished-at="2022-05-25T19:04:21 IST" duration-ms="8845">
    <groups>
    </groups>
    <test started-at="2022-05-25T19:04:12 IST" name="Default test" finished-at="2022-05-25T19:04:21 IST" duration-ms="8845">
      <class name="com.cremptin.Login.InvalidLogin">
        <test-method is-config="true" signature="openBrowser()[pri:0, instance:com.cremptin.Login.InvalidLogin@576d5deb]" started-at="2022-05-25T19:04:12 IST" name="openBrowser" finished-at="2022-05-25T19:04:15 IST" duration-ms="3184" status="PASS">
          <reporter-output>
            <line>
              <![CDATA[Login Page is Displayed,PASS]]>
            </line>
          </reporter-output>
        </test-method> <!-- openBrowser -->
        <test-method signature="validLoginTest()[pri:0, instance:com.cremptin.Login.InvalidLogin@576d5deb]" started-at="2022-05-25T19:04:15 IST" name="validLoginTest" finished-at="2022-05-25T19:04:21 IST" duration-ms="5629" status="PASS">
          <reporter-output>
            <line>
              <![CDATA[validLoginTest method started]]>
            </line>
            <line>
              <![CDATA[validLoginTest method PASSED]]>
            </line>
          </reporter-output>
        </test-method> <!-- validLoginTest -->
      </class> <!-- com.cremptin.Login.InvalidLogin -->
    </test> <!-- Default test -->
  </suite> <!-- Default suite -->
</testng-results>
